


ARM Macro Assembler    Page 1 


    1 00000000                 AREA             ADDITION,CODE,READONLY
    2 00000000                 ENTRY
    3 00000000 E3A02020        MOV              R2,#0x20
    4 00000004 E59F0014        LDR              R0,=A
    5 00000008 E5901000        LDR              R1,[R0]
    6 0000000C E0813002        ADD              R3,R1,R2
    7 00000010 E59F400C        LDR              R4,=RESULT
    8 00000014 E5843000        STR              R3,[R4]
    9 00000018 EAFFFFFE 
                       STOP    B                STOP
   10 0000001C 00000004 
                       A       DCD              0x04
   11 00000020 00000000 
              00000000         AREA             RESULTDATA,DATA,READWRITE
   12 00000000 00000002 
                       RESULT  DCD              0x02
   13 00000004                 END
Command Line: --debug --xref --apcs=interwork --depend=.\8bit.d -o.\8bit.o -I"G
:\mICRO VISION 4\ARM\RV31\INC" -I"G:\mICRO VISION 4\ARM\CMSIS\Include" -I"G:\mI
CRO VISION 4\ARM\Inc\Philips" --predefine="__EVAL SETA 1" --list=.\8bit.lst 8BI
T.asm



ARM Macro Assembler    Page 1 Alphabetic symbol ordering
Relocatable symbols

A 0000001C

Symbol: A
   Definitions
      At line 10 in file 8BIT.asm
   Uses
      At line 4 in file 8BIT.asm
Comment: A used once
ADDITION 00000000

Symbol: ADDITION
   Definitions
      At line 1 in file 8BIT.asm
   Uses
      None
Comment: ADDITION unused
STOP 00000018

Symbol: STOP
   Definitions
      At line 9 in file 8BIT.asm
   Uses
      At line 9 in file 8BIT.asm
Comment: STOP used once
3 symbols



ARM Macro Assembler    Page 1 Alphabetic symbol ordering
Relocatable symbols

RESULT 00000000

Symbol: RESULT
   Definitions
      At line 12 in file 8BIT.asm
   Uses
      At line 7 in file 8BIT.asm
Comment: RESULT used once
RESULTDATA 00000000

Symbol: RESULTDATA
   Definitions
      At line 11 in file 8BIT.asm
   Uses
      None
Comment: RESULTDATA unused
2 symbols
338 symbols in table
